  WGraph.cpp
f:\unib\cs210\cs210b\asgmt-6b\wgraph.cpp(53): warning C4018: '<': signed/unsigned mismatch
f:\unib\cs210\cs210b\asgmt-6b\wgraph.cpp(54): warning C4018: '<': signed/unsigned mismatch
f:\unib\cs210\cs210b\asgmt-6b\wgraph.cpp(105): warning C4267: '=': conversion from 'size_t' to 'Weight', possible loss of data
f:\unib\cs210\cs210b\asgmt-6b\wgraph.cpp(130): warning C4018: '<': signed/unsigned mismatch
f:\unib\cs210\cs210b\asgmt-5\lib\priority-queue.hh(201): warning C4018: '<': signed/unsigned mismatch
  f:\unib\cs210\cs210b\asgmt-5\lib\priority-queue.hh(198): note: while compiling class template member function 'auto stdx::PriorityQueue<Weight,Weight,std::less<Key>>::push(const stdx::PriorityQueue<Weight,Key,std::less<Key>>::Elt &)'
          with
          [
              Key=Weight
          ]
  f:\unib\cs210\cs210b\asgmt-6b\wgraph.cpp(138): note: see reference to class template instantiation 'stdx::PriorityQueue<Weight,Weight,std::less<Key>>' being compiled
          with
          [
              Key=Weight
          ]
f:\unib\cs210\cs210b\asgmt-6b\wgraph.cpp(154): warning C4018: '<': signed/unsigned mismatch
f:\unib\cs210\cs210b\asgmt-6b\wgraph.cpp(176): warning C4244: 'argument': conversion from '__int64' to 'Weight', possible loss of data
f:\unib\cs210\cs210b\asgmt-6b\wgraph.cpp(196): warning C4018: '<': signed/unsigned mismatch
f:\unib\cs210\cs210b\asgmt-6b\wgraph.cpp(207): warning C4018: '<': signed/unsigned mismatch
f:\unib\cs210\cs210b\asgmt-5\lib\priority-queue.hh(30): warning C4018: '<': signed/unsigned mismatch
  f:\unib\cs210\cs210b\asgmt-5\lib\priority-queue.hh(27): note: while compiling class template member function 'auto stdx::BiHeap<Data,Func>::push(const Ty &)'
          with
          [
              Data=float,
              Func=std::less<float>,
              Ty=float
          ]
  f:\unib\cs210\cs210b\asgmt-5\lib\priority-queue.hh(372): note: see reference to class template instantiation 'stdx::BiHeap<Data,Func>' being compiled
          with
          [
              Data=float,
              Func=std::less<float>
          ]
  f:\unib\cs210\cs210b\asgmt-5\lib\priority-queue.hh(389): note: see reference to function template instantiation 'bool stdx::heap_sort_ip<float,std::less<Data>>(std::vector<float,std::allocator<_Ty>> *const ,Func)' being compiled
          with
          [
              Data=float,
              _Ty=float,
              Func=std::less<float>
          ]
  asgmt-6.vcxproj -> F:\UniB\CS210\CS210b\x64\Debug\asgmt-6.exe
  asgmt-6.vcxproj -> F:\UniB\CS210\CS210b\x64\Debug\asgmt-6.pdb (Partial PDB)
