  priority-queue.cc
f:\unib\cs210\cs210b\asgmt-5\lib\priority-queue.hh(46): warning C4018: '<': signed/unsigned mismatch
  f:\unib\cs210\cs210b\asgmt-5\lib\priority-queue.hh(43): note: while compiling class template member function 'auto stdx::BiHeap<Data,Func>::push(const Ty &)'
          with
          [
              Data=float,
              Func=stdx::less_than,
              Ty=float
          ]
  f:\unib\cs210\cs210b\asgmt-5\lib\priority-queue.hh(390): note: see reference to class template instantiation 'stdx::BiHeap<Data,Func>' being compiled
          with
          [
              Data=float,
              Func=stdx::less_than
          ]
  f:\unib\cs210\cs210b\asgmt-5\lib\priority-queue.hh(407): note: see reference to function template instantiation 'bool stdx::heap_sort_ip<stdx::less_than,float>(std::vector<float,std::allocator<_Ty>> *const ,Func)' being compiled
          with
          [
              _Ty=float,
              Func=stdx::less_than
          ]
  Generating Code...
  Compiling...
  main.cc
f:\unib\cs210\cs210b\asgmt-5\src\main.cc(82): warning C4018: '<': signed/unsigned mismatch
f:\unib\cs210\cs210b\asgmt-5\src\main.cc(83): warning C4018: '<': signed/unsigned mismatch
f:\unib\cs210\cs210b\asgmt-5\lib\priority-queue.hh(46): warning C4018: '<': signed/unsigned mismatch
  f:\unib\cs210\cs210b\asgmt-5\lib\priority-queue.hh(43): note: while compiling class template member function 'auto stdx::BiHeap<GSMap::Pixel,stdx::less_than>::push(const Ty &)'
          with
          [
              Ty=GSMap::Pixel
          ]
  f:\unib\cs210\cs210b\asgmt-5\src\main.cc(76): note: see reference to class template instantiation 'stdx::BiHeap<GSMap::Pixel,stdx::less_than>' being compiled
  Generating Code...
  asgmt-5.vcxproj -> F:\UniB\CS210\CS210b\Debug\asgmt-5.exe
