  priority-queue.cc
f:\unib\cs210\cs210b\asgmt-5\lib\priority-queue.hh(30): warning C4018: '<': signed/unsigned mismatch
  f:\unib\cs210\cs210b\asgmt-5\lib\priority-queue.hh(27): note: while compiling class template member function 'auto stdx::BiHeap<Data,Func>::push(const Ty &)'
          with
          [
              Data=float,
              Func=std::less<void>,
              Ty=float
          ]
  f:\unib\cs210\cs210b\asgmt-5\lib\priority-queue.hh(373): note: see reference to class template instantiation 'stdx::BiHeap<Data,Func>' being compiled
          with
          [
              Data=float,
              Func=std::less<void>
          ]
  f:\unib\cs210\cs210b\asgmt-5\lib\priority-queue.hh(390): note: see reference to function template instantiation 'bool stdx::heap_sort_ip<float,std::less<void>>(std::vector<float,std::allocator<_Ty>> *const ,Func)' being compiled
          with
          [
              _Ty=float,
              Func=std::less<void>
          ]
  Generating Code...
  Compiling...
  main.cc
f:\unib\cs210\cs210b\asgmt-5\lib\priority-queue.hh(30): warning C4018: '<': signed/unsigned mismatch
  f:\unib\cs210\cs210b\asgmt-5\lib\priority-queue.hh(27): note: while compiling class template member function 'auto stdx::BiHeap<GSMap::Pixel,std::less<Ty>>::push(const Ty &)'
          with
          [
              Ty=GSMap::Pixel
          ]
  f:\unib\cs210\cs210b\asgmt-5\src\main.cc(76): note: see reference to class template instantiation 'stdx::BiHeap<GSMap::Pixel,std::less<Ty>>' being compiled
          with
          [
              Ty=GSMap::Pixel
          ]
  Generating Code...
  asgmt-5.vcxproj -> F:\UniB\CS210\CS210b\x64\Debug\asgmt-5.exe
