d:\a2\github\210-ass-6\asgmt-5\x64\debug\vc140.pdb
d:\a2\github\210-ass-6\asgmt-5\x64\debug\vc140.idb
d:\a2\github\210-ass-6\asgmt-5\x64\debug\format.obj
d:\a2\github\210-ass-6\asgmt-5\x64\debug\posix.obj
d:\a2\github\210-ass-6\asgmt-5\x64\debug\crucible.obj
d:\a2\github\210-ass-6\asgmt-5\x64\debug\priority-queue.obj
d:\a2\github\210-ass-6\asgmt-5\x64\debug\main.obj
f:\unib\cs210\cs210b\asgmt-5\x64\debug\vc140.pdb
f:\unib\cs210\cs210b\asgmt-5\x64\debug\vc140.idb
f:\unib\cs210\cs210b\asgmt-5\x64\debug\format.obj
f:\unib\cs210\cs210b\asgmt-5\x64\debug\posix.obj
f:\unib\cs210\cs210b\asgmt-5\x64\debug\crucible.obj
f:\unib\cs210\cs210b\asgmt-5\x64\debug\priority-queue.obj
f:\unib\cs210\cs210b\asgmt-5\x64\debug\main.obj
d:\a2\github\210-ass-6\x64\debug\asgmt-5.ilk
d:\a2\github\210-ass-6\x64\debug\asgmt-5.exe
d:\a2\github\210-ass-6\x64\debug\asgmt-5.pdb
f:\unib\cs210\cs210b\x64\debug\asgmt-5.ilk
f:\unib\cs210\cs210b\x64\debug\asgmt-5.exe
f:\unib\cs210\cs210b\x64\debug\asgmt-5.pdb
f:\unib\cs210\cs210b\asgmt-5\x64\debug\asgmt-5.tlog\cl.command.1.tlog
f:\unib\cs210\cs210b\asgmt-5\x64\debug\asgmt-5.tlog\cl.read.1.tlog
f:\unib\cs210\cs210b\asgmt-5\x64\debug\asgmt-5.tlog\cl.write.1.tlog
f:\unib\cs210\cs210b\asgmt-5\x64\debug\asgmt-5.tlog\link.command.1.tlog
f:\unib\cs210\cs210b\asgmt-5\x64\debug\asgmt-5.tlog\link.read.1.tlog
f:\unib\cs210\cs210b\asgmt-5\x64\debug\asgmt-5.tlog\link.write.1.tlog
